Mar 14, 2025 8:24:09 PM org.example.Main main
INFO: Юзербот запущен и готов к работе. Ожидание входящих сообщений...
Mar 14, 2025 8:24:09 PM org.example.Main$UserBotApp onAuthorizationState
INFO: Получено обновление авторизации: AuthorizationStateWaitTdlibParameters
Mar 14, 2025 8:24:10 PM org.example.Main$UserBotApp onAuthorizationState
INFO: Получено обновление авторизации: AuthorizationStateWaitPhoneNumber
Mar 14, 2025 8:24:14 PM org.example.Main$UserBotApp onAuthorizationState
INFO: Получено обновление авторизации: AuthorizationStateWaitCode
Mar 14, 2025 8:27:39 PM org.example.Main main
INFO: Юзербот запущен и готов к работе. Ожидание входящих сообщений...
Mar 14, 2025 8:27:39 PM org.example.Main$UserBotApp onAuthorizationState
INFO: Получено обновление авторизации: AuthorizationStateWaitTdlibParameters
Mar 14, 2025 8:27:41 PM org.example.Main$UserBotApp onAuthorizationState
INFO: Получено обновление авторизации: AuthorizationStateWaitPhoneNumber
Mar 14, 2025 8:28:11 PM org.example.Main$UserBotApp onAuthorizationState
INFO: Получено обновление авторизации: AuthorizationStateWaitCode
Mar 14, 2025 8:28:26 PM org.example.Main$UserBotApp onAuthorizationState
INFO: Получено обновление авторизации: AuthorizationStateWaitPassword
Mar 14, 2025 8:28:47 PM org.example.Main main
INFO: Юзербот запущен и готов к работе. Ожидание входящих сообщений...
Mar 14, 2025 8:28:47 PM org.example.Main$UserBotApp onAuthorizationState
INFO: Получено обновление авторизации: AuthorizationStateWaitTdlibParameters
Mar 14, 2025 8:28:47 PM org.example.Main$UserBotApp onAuthorizationState
INFO: Получено обновление авторизации: AuthorizationStateWaitPassword
Mar 14, 2025 8:29:09 PM org.example.Main$UserBotApp onAuthorizationState
INFO: Авторизация успешно пройдена. Юзербот готов к работе.
Mar 14, 2025 8:29:21 PM org.example.Main$UserBotApp lambda$onNewMessage$0
INFO: Новое сообщение из чата "the_lenoz" (id 1047265886): ао
Mar 14, 2025 8:29:25 PM org.example.Main$UserBotApp lambda$onNewMessage$0
INFO: Новое сообщение из чата "the_lenoz" (id 1047265886): ичо
Mar 14, 2025 8:29:26 PM org.example.Main$UserBotApp lambda$onNewMessage$0
INFO: Новое сообщение из чата "the_lenoz" (id 1047265886): яьышв
Mar 14, 2025 8:35:50 PM org.example.Main$UserBotApp lambda$onNewMessage$0
INFO: Новое сообщение из чата "WebPwnChat" (id -1001386806895): Глобальное сообщество хакеров и экстремистов, известное как Com/764, не исчезло под натиском правоохранительных органов. Напротив, участники группы продолжают свою деятельность, переходя от киберпреступлений к реальным атакам. Они причастны к физическим расправам, вооруженным нападениям, поджогам, стрельбе по людям и даже террористическим актам.

Особенно опасной стала группировка No Lives Matter (NLM), которая пропагандирует физическую расправу и хаос. Участники группы выпустили несколько «руководств», которыми пользовались преступники в США и Европе.

Министерство юстиции США классифицировало Com/764 как «угрозу первого уровня» ( Tier One ) — высший приоритет для спецслужб при борьбе с экстремистскими группировками. Согласно данным американских аналитиков, угрозы, исходящие от этой сети, затрагивают не только жертв эксплуатации, но и общественную безопасность в целом. Однако борьба с Com/764 осложняется отсутствием чёткой структуры и единой идеологии, что делает движение непредсказуемым и трудным для идентификации.

Западные страны начали активно преследовать преступников, связанных с Com/764. В Великобритании 19-летний Камерон Финнеган получил 6 лет тюрьмы за хранение запрещённых материалов и призывы к преступлениям. В США прокуратура добивается экстрадиции 17-летнего подростика из Румынии, обвиняемого в шантаже и ложных террористических угрозах.

Одной из ключевых фигур сети стал немецкий подросток Нино Лучано («Tobbz»). В 2022 году Лучано совершил вооруженное нападение на пенсионеров, чем вдохновил других экстремистов, а слово «Tobbz» теперь используют как синоним преступления. Более того, некоторые члены Com/764 не просто совершают преступления, но и «заказывают» людей.

Аналитики опасаются, что слияние Com/764 с другими экстремистскими группировками, такими как Terrorgram Collective и Order of Nine Angles, создаёт совершенно новую форму радикализма. В её основе лежит не просто стремление к насилию, а сочетание нескольких идеологий, вдохновляющих молодых людей на совершение преступлений. Комбинируя различные элементы экстремизма, участники сети создают собственные радикальные течения, неподвластные традиционным методам борьбы с терроризмом.
